"../../../../../../UE4_L-System_Blueprint_GitHub/UE4_L_System_Blueprint/LSystemTreeBP/Content/StarterContent/L_System/Branch.uasset" 0
"../../../Engine/Content/EditorBlueprintResources/StandardMacros.uasset" 1
"../../../../../../UE4_L-System_Blueprint_GitHub/UE4_L_System_Blueprint/LSystemTreeBP/Content/StarterContent/Textures/T_Wood_Walnut_D.uasset" 2
"../../../../../../UE4_L-System_Blueprint_GitHub/UE4_L_System_Blueprint/LSystemTreeBP/Content/StarterContent/L_System/bark-texture-1100x733_Mat1.uasset" 3
"../../../../../../UE4_L-System_Blueprint_GitHub/UE4_L_System_Blueprint/LSystemTreeBP/Content/StarterContent/L_System/SM-Cylinder.uasset" 4
"../../../../../../UE4_L-System_Blueprint_GitHub/UE4_L_System_Blueprint/LSystemTreeBP/Content/StarterContent/L_System/L-System.uasset" 5
"../../../../../../UE4_L-System_Blueprint_GitHub/UE4_L_System_Blueprint/LSystemTreeBP/Content/L-System.uasset" 6
"../../../../../../UE4_L-System_Blueprint_GitHub/UE4_L_System_Blueprint/LSystemTreeBP/Content/SM-Cylinder.uasset" 7
"../../../../../../UE4_L-System_Blueprint_GitHub/UE4_L_System_Blueprint/LSystemTreeBP/Content/StarterContent/Materials/M_Basic_Wall.uasset" 8
"../../../../../../UE4_L-System_Blueprint_GitHub/UE4_L_System_Blueprint/LSystemTreeBP/Content/StarterContent/Architecture/Pillar_50x500.uasset" 9
"../../../../../../UE4_L-System_Blueprint_GitHub/UE4_L_System_Blueprint/LSystemTreeBP/Content/StarterContent/Architecture/Wall_400x300.uasset" 10
"../../../../../../UE4_L-System_Blueprint_GitHub/UE4_L_System_Blueprint/LSystemTreeBP/Content/StarterContent/Architecture/Wall_400x400.uasset" 11
"../../../../../../UE4_L-System_Blueprint_GitHub/UE4_L_System_Blueprint/LSystemTreeBP/Content/StarterContent/Architecture/Wall_500x500.uasset" 12
"../../../../../../UE4_L-System_Blueprint_GitHub/UE4_L_System_Blueprint/LSystemTreeBP/Content/StarterContent/Architecture/Wall_Door_400x400.uasset" 13
"../../../../../../UE4_L-System_Blueprint_GitHub/UE4_L_System_Blueprint/LSystemTreeBP/Content/StarterContent/Architecture/Wall_Window_400x400.uasset" 14
"../../../../../../UE4_L-System_Blueprint_GitHub/UE4_L_System_Blueprint/LSystemTreeBP/Content/StarterContent/Audio/Collapse01.uasset" 15
"../../../../../../UE4_L-System_Blueprint_GitHub/UE4_L_System_Blueprint/LSystemTreeBP/Content/StarterContent/Audio/Collapse02.uasset" 16
"../../../../../../UE4_L-System_Blueprint_GitHub/UE4_L_System_Blueprint/LSystemTreeBP/Content/StarterContent/Audio/Explosion01.uasset" 17
"../../../../../../UE4_L-System_Blueprint_GitHub/UE4_L_System_Blueprint/LSystemTreeBP/Content/StarterContent/Audio/Explosion02.uasset" 18
"../../../../../../UE4_L-System_Blueprint_GitHub/UE4_L_System_Blueprint/LSystemTreeBP/Content/StarterContent/Audio/Fire01.uasset" 19
"../../../../../../UE4_L-System_Blueprint_GitHub/UE4_L_System_Blueprint/LSystemTreeBP/Content/StarterContent/Audio/Fire_Sparks01.uasset" 20
"../../../../../../UE4_L-System_Blueprint_GitHub/UE4_L_System_Blueprint/LSystemTreeBP/Content/StarterContent/Audio/Light01.uasset" 21
"../../../../../../UE4_L-System_Blueprint_GitHub/UE4_L_System_Blueprint/LSystemTreeBP/Content/StarterContent/Audio/Light01_Cue.uasset" 22
"../../../../../../UE4_L-System_Blueprint_GitHub/UE4_L_System_Blueprint/LSystemTreeBP/Content/StarterContent/Audio/Light02.uasset" 23
"../../../../../../UE4_L-System_Blueprint_GitHub/UE4_L_System_Blueprint/LSystemTreeBP/Content/StarterContent/Audio/Light02_Cue.uasset" 24
"../../../../../../UE4_L-System_Blueprint_GitHub/UE4_L_System_Blueprint/LSystemTreeBP/Content/StarterContent/Audio/Smoke01.uasset" 25
"../../../../../../UE4_L-System_Blueprint_GitHub/UE4_L_System_Blueprint/LSystemTreeBP/Content/StarterContent/Audio/Starter_Birds01.uasset" 26
"../../../../../../UE4_L-System_Blueprint_GitHub/UE4_L_System_Blueprint/LSystemTreeBP/Content/StarterContent/Audio/Starter_Music01.uasset" 27
"../../../../../../UE4_L-System_Blueprint_GitHub/UE4_L_System_Blueprint/LSystemTreeBP/Content/StarterContent/Audio/Starter_Wind05.uasset" 28
"../../../../../../UE4_L-System_Blueprint_GitHub/UE4_L_System_Blueprint/LSystemTreeBP/Content/StarterContent/Audio/Starter_Wind06.uasset" 29
"../../../../../../UE4_L-System_Blueprint_GitHub/UE4_L_System_Blueprint/LSystemTreeBP/Content/StarterContent/Audio/Steam01.uasset" 30
"../../../../../../UE4_L-System_Blueprint_GitHub/UE4_L_System_Blueprint/LSystemTreeBP/Content/StarterContent/Audio/Explosion_Cue.uasset" 31
"../../../../../../UE4_L-System_Blueprint_GitHub/UE4_L_System_Blueprint/LSystemTreeBP/Content/StarterContent/Textures/T_Burst_M.uasset" 32
"../../../../../../UE4_L-System_Blueprint_GitHub/UE4_L_System_Blueprint/LSystemTreeBP/Content/StarterContent/Particles/Materials/M_Burst.uasset" 33
"../../../../../../UE4_L-System_Blueprint_GitHub/UE4_L_System_Blueprint/LSystemTreeBP/Content/StarterContent/Textures/T_Explosion_SubUV.uasset" 34
"../../../../../../UE4_L-System_Blueprint_GitHub/UE4_L_System_Blueprint/LSystemTreeBP/Content/StarterContent/Particles/Materials/M_explosion_subUV.uasset" 35
"../../../../../../UE4_L-System_Blueprint_GitHub/UE4_L_System_Blueprint/LSystemTreeBP/Content/StarterContent/Particles/Materials/m_flare_01.uasset" 36
"../../../Engine/Content/Functions/Engine_MaterialFunctions01/Gradient/RadialGradient.uasset" 37
"../../../../../../UE4_L-System_Blueprint_GitHub/UE4_L_System_Blueprint/LSystemTreeBP/Content/StarterContent/Particles/Materials/M_radial_ramp.uasset" 38
"../../../../../../UE4_L-System_Blueprint_GitHub/UE4_L_System_Blueprint/LSystemTreeBP/Content/StarterContent/Textures/T_Smoke_SubUV.uasset" 39
"../../../../../../UE4_L-System_Blueprint_GitHub/UE4_L_System_Blueprint/LSystemTreeBP/Content/StarterContent/Textures/T_Smoke_Tiled_D.uasset" 40
"../../../../../../UE4_L-System_Blueprint_GitHub/UE4_L_System_Blueprint/LSystemTreeBP/Content/StarterContent/Particles/Materials/M_smoke_subUV.uasset" 41
"../../../../../../UE4_L-System_Blueprint_GitHub/UE4_L_System_Blueprint/LSystemTreeBP/Content/StarterContent/Particles/P_Explosion.uasset" 42
"../../../../../../UE4_L-System_Blueprint_GitHub/UE4_L_System_Blueprint/LSystemTreeBP/Content/StarterContent/Blueprints/Blueprint_Effect_Explosion.uasset" 43
"../../../Engine/Content/EditorMeshes/ColorCalibrator/T_ColorGrid.uasset" 44
"../../../../../../UE4_L-System_Blueprint_GitHub/UE4_L_System_Blueprint/LSystemTreeBP/Content/StarterContent/Materials/M_ColorGrid_LowSpec.uasset" 45
"../../../../../../UE4_L-System_Blueprint_GitHub/UE4_L_System_Blueprint/LSystemTreeBP/Content/StarterContent/Textures/T_Bush_D.uasset" 46
"../../../../../../UE4_L-System_Blueprint_GitHub/UE4_L_System_Blueprint/LSystemTreeBP/Content/StarterContent/Textures/T_Bush_N.uasset" 47
"../../../../../../UE4_L-System_Blueprint_GitHub/UE4_L_System_Blueprint/LSystemTreeBP/Content/StarterContent/Props/Materials/M_Bush.uasset" 48
"../../../../../../UE4_L-System_Blueprint_GitHub/UE4_L_System_Blueprint/LSystemTreeBP/Content/StarterContent/Props/SM_Bush.uasset" 49
"../../../../../../UE4_L-System_Blueprint_GitHub/UE4_L_System_Blueprint/LSystemTreeBP/Content/StarterContent/Textures/T_Chair_M.uasset" 50
"../../../../../../UE4_L-System_Blueprint_GitHub/UE4_L_System_Blueprint/LSystemTreeBP/Content/StarterContent/Textures/T_Chair_N.uasset" 51
"../../../../../../UE4_L-System_Blueprint_GitHub/UE4_L_System_Blueprint/LSystemTreeBP/Content/StarterContent/Props/Materials/M_Chair.uasset" 52
"../../../../../../UE4_L-System_Blueprint_GitHub/UE4_L_System_Blueprint/LSystemTreeBP/Content/StarterContent/Props/SM_Couch.uasset" 53
"../../../../../../UE4_L-System_Blueprint_GitHub/UE4_L_System_Blueprint/LSystemTreeBP/Content/StarterContent/Materials/M_Glass.uasset" 54
"../../../../../../UE4_L-System_Blueprint_GitHub/UE4_L_System_Blueprint/LSystemTreeBP/Content/StarterContent/Textures/T_Door_M.uasset" 55
"../../../../../../UE4_L-System_Blueprint_GitHub/UE4_L_System_Blueprint/LSystemTreeBP/Content/StarterContent/Textures/T_Door_N.uasset" 56
"../../../../../../UE4_L-System_Blueprint_GitHub/UE4_L_System_Blueprint/LSystemTreeBP/Content/StarterContent/Props/Materials/M_Door.uasset" 57
"../../../../../../UE4_L-System_Blueprint_GitHub/UE4_L_System_Blueprint/LSystemTreeBP/Content/StarterContent/Props/SM_Door.uasset" 58
"../../../../../../UE4_L-System_Blueprint_GitHub/UE4_L_System_Blueprint/LSystemTreeBP/Content/StarterContent/Props/Materials/M_MaterialSphere.uasset" 59
"../../../../../../UE4_L-System_Blueprint_GitHub/UE4_L_System_Blueprint/LSystemTreeBP/Content/StarterContent/Props/Materials/M_MaterialSphere_Plain.uasset" 60
"../../../../../../UE4_L-System_Blueprint_GitHub/UE4_L_System_Blueprint/LSystemTreeBP/Content/StarterContent/Props/SM_MatPreviewMesh_02.uasset" 61
"../../../Engine/Content/Functions/Engine_MaterialFunctions02/Utility/BlendAngleCorrectedNormals.uasset" 62
"../../../../../../UE4_L-System_Blueprint_GitHub/UE4_L_System_Blueprint/LSystemTreeBP/Content/StarterContent/Textures/T_Detail_Rocky_N.uasset" 63
"../../../../../../UE4_L-System_Blueprint_GitHub/UE4_L_System_Blueprint/LSystemTreeBP/Content/StarterContent/Textures/T_Rock_Basalt_D.uasset" 64
"../../../../../../UE4_L-System_Blueprint_GitHub/UE4_L_System_Blueprint/LSystemTreeBP/Content/StarterContent/Textures/T_RockMesh_M.uasset" 65
"../../../../../../UE4_L-System_Blueprint_GitHub/UE4_L_System_Blueprint/LSystemTreeBP/Content/StarterContent/Textures/T_RockMesh_N.uasset" 66
"../../../../../../UE4_L-System_Blueprint_GitHub/UE4_L_System_Blueprint/LSystemTreeBP/Content/StarterContent/Props/Materials/M_Rock.uasset" 67
"../../../../../../UE4_L-System_Blueprint_GitHub/UE4_L_System_Blueprint/LSystemTreeBP/Content/StarterContent/Props/SM_Rock.uasset" 68
"../../../../../../UE4_L-System_Blueprint_GitHub/UE4_L_System_Blueprint/LSystemTreeBP/Content/StarterContent/Textures/T_Shelf_M.uasset" 69
"../../../../../../UE4_L-System_Blueprint_GitHub/UE4_L_System_Blueprint/LSystemTreeBP/Content/StarterContent/Textures/T_Shelf_N.uasset" 70
"../../../../../../UE4_L-System_Blueprint_GitHub/UE4_L_System_Blueprint/LSystemTreeBP/Content/StarterContent/Props/Materials/M_Shelf.uasset" 71
"../../../../../../UE4_L-System_Blueprint_GitHub/UE4_L_System_Blueprint/LSystemTreeBP/Content/StarterContent/Props/SM_Shelf.uasset" 72
"../../../../../../UE4_L-System_Blueprint_GitHub/UE4_L_System_Blueprint/LSystemTreeBP/Content/StarterContent/Materials/M_Basic_Floor.uasset" 73
"../../../../../../UE4_L-System_Blueprint_GitHub/UE4_L_System_Blueprint/LSystemTreeBP/Content/StarterContent/Props/SM_Stairs.uasset" 74
"../../../../../../UE4_L-System_Blueprint_GitHub/UE4_L_System_Blueprint/LSystemTreeBP/Content/StarterContent/Shapes/Shape_Cone.uasset" 75
"../../../../../../UE4_L-System_Blueprint_GitHub/UE4_L_System_Blueprint/LSystemTreeBP/Content/StarterContent/Shapes/Shape_Cylinder.uasset" 76
"../../../../../../UE4_L-System_Blueprint_GitHub/UE4_L_System_Blueprint/LSystemTreeBP/Content/StarterContent/Shapes/Shape_NarrowCapsule.uasset" 77
"../../../../../../UE4_L-System_Blueprint_GitHub/UE4_L_System_Blueprint/LSystemTreeBP/Content/StarterContent/Shapes/Shape_Pipe.uasset" 78
"../../../../../../UE4_L-System_Blueprint_GitHub/UE4_L_System_Blueprint/LSystemTreeBP/Content/StarterContent/Shapes/Shape_Pipe_180.uasset" 79
"../../../../../../UE4_L-System_Blueprint_GitHub/UE4_L_System_Blueprint/LSystemTreeBP/Content/StarterContent/Shapes/Shape_Pipe_90.uasset" 80
"../../../../../../UE4_L-System_Blueprint_GitHub/UE4_L_System_Blueprint/LSystemTreeBP/Content/StarterContent/Shapes/Shape_Plane.uasset" 81
"../../../../../../UE4_L-System_Blueprint_GitHub/UE4_L_System_Blueprint/LSystemTreeBP/Content/StarterContent/Shapes/Shape_Torus.uasset" 82
"../../../../../../UE4_L-System_Blueprint_GitHub/UE4_L_System_Blueprint/LSystemTreeBP/Content/StarterContent/Shapes/Shape_Trim.uasset" 83
"../../../../../../UE4_L-System_Blueprint_GitHub/UE4_L_System_Blueprint/LSystemTreeBP/Content/StarterContent/Shapes/Shape_Trim_90_In.uasset" 84
"../../../../../../UE4_L-System_Blueprint_GitHub/UE4_L_System_Blueprint/LSystemTreeBP/Content/StarterContent/Shapes/Shape_Trim_90_Out.uasset" 85
"../../../../../../UE4_L-System_Blueprint_GitHub/UE4_L_System_Blueprint/LSystemTreeBP/Content/StarterContent/Shapes/Shape_TriPyramid.uasset" 86
"../../../../../../UE4_L-System_Blueprint_GitHub/UE4_L_System_Blueprint/LSystemTreeBP/Content/StarterContent/Shapes/Shape_Tube.uasset" 87
"../../../../../../UE4_L-System_Blueprint_GitHub/UE4_L_System_Blueprint/LSystemTreeBP/Content/StarterContent/Shapes/Shape_Wedge_A.uasset" 88
"../../../../../../UE4_L-System_Blueprint_GitHub/UE4_L_System_Blueprint/LSystemTreeBP/Content/StarterContent/Shapes/Shape_Wedge_B.uasset" 89
"../../../../../../UE4_L-System_Blueprint_GitHub/UE4_L_System_Blueprint/LSystemTreeBP/Content/StarterContent/Shapes/Shape_WideCapsule.uasset" 90
"../../../Engine/Content/Animation/DefaultAnimCurveCompressionSettings.uasset" 91
"../../../Engine/Content/Functions/Engine_MaterialFunctions01/Opacity/CameraDepthFade.uasset" 92
"../../../Engine/Content/EngineMaterials/T_Default_Material_Grid_M.uasset" 93
"../../../Engine/Content/EngineMaterials/T_Default_Material_Grid_N.uasset" 94
"../../../Engine/Content/EngineMaterials/WorldGridMaterial.uasset" 95
"../../../Engine/Content/ArtTools/RenderToTexture/Meshes/S_1_Unit_Plane.uasset" 96
"../../../Engine/Content/EngineMaterials/DefaultMaterial.uasset" 97
"../../../Engine/Content/BasicShapes/Cone.uasset" 98
"../../../Engine/Content/BasicShapes/Cube.uasset" 99
"../../../Engine/Content/BasicShapes/Cylinder.uasset" 100
"../../../Engine/Content/BasicShapes/Plane.uasset" 101
"../../../Engine/Content/BasicShapes/Sphere.uasset" 102
"../../../Engine/Content/EditorLandscapeResources/DataLayer.uasset" 103
"../../../Engine/Content/EditorMaterials/GizmoMaterial.uasset" 104
"../../../Engine/Content/EditorMaterials/MAT_Groups_Toggle.uasset" 105
"../../../Engine/Content/EditorMaterials/MAT_Groups_Visibility.uasset" 106
"../../../Engine/Content/EditorMaterials/PreviewShadowIndicator.uasset" 107
"../../../Engine/Content/EditorMaterials/PreviewShadowIndicatorMaterial.uasset" 108
"../../../Engine/Content/EditorMaterials/MatineeGroups/MAT_ColorTrack.uasset" 109
"../../../Engine/Content/EditorMaterials/MatineeGroups/MAT_Groups_Anim.uasset" 110
"../../../Engine/Content/EditorMaterials/MatineeGroups/MAT_Groups_AudioMaster.uasset" 111
"../../../Engine/Content/EditorMaterials/MatineeGroups/MAT_Groups_Director.uasset" 112
"../../../Engine/Content/EditorMaterials/MatineeGroups/MAT_Groups_Event.uasset" 113
"../../../Engine/Content/EditorMaterials/MatineeGroups/MAT_Groups_Fade.uasset" 114
"../../../Engine/Content/EditorMaterials/MatineeGroups/MAT_Groups_Float.uasset" 115
"../../../Engine/Content/EditorMaterials/MatineeGroups/MAT_Groups_Move.uasset" 116
"../../../Engine/Content/EditorMaterials/MatineeGroups/MAT_Groups_Slomo.uasset" 117
"../../../Engine/Content/EditorMaterials/MatineeGroups/MAT_Groups_Sound.uasset" 118
"../../../Engine/Content/EditorMaterials/MatineeGroups/MAT_Groups_Vector.uasset" 119
"../../../Engine/Content/EditorMaterials/ParticleSystems/PSysThumbnail_NoImage.uasset" 120
"../../../Engine/Content/EditorMaterials/ParticleSystems/PSysThumbnail_OOD.uasset" 121
"../../../Engine/Content/EditorMaterials/Camera/CineMat.uasset" 122
"../../../Engine/Content/EditorMaterials/Camera/MI_CineMat_Rig.uasset" 123
"../../../Engine/Content/EditorMeshes/Camera/SM_CraneRig_Arm.uasset" 124
"../../../Engine/Content/EditorMeshes/Camera/SM_CraneRig_Base.uasset" 125
"../../../Engine/Content/EditorMeshes/Camera/SM_CraneRig_Body.uasset" 126
"../../../Engine/Content/EditorMeshes/Camera/SM_CraneRig_Mount.uasset" 127
"../../../Engine/Content/EditorMeshes/Camera/SM_RailRig_Mount.uasset" 128
"../../../Engine/Content/EditorMeshes/Camera/SM_RailRig_Track.uasset" 129
"../../../Engine/Content/EditorResources/BSPVertex.uasset" 130
"../../../Engine/Content/EditorResources/EmptyActor.uasset" 131
"../../../Engine/Content/EditorResources/S_Actor.uasset" 132
"../../../Engine/Content/EditorResources/S_Note.uasset" 133
"../../../Engine/Content/EditorResources/S_Solver.uasset" 134
"../../../Engine/Content/EditorResources/S_Trigger.uasset" 135
"../../../Engine/Content/EditorResources/AudioIcons/S_AudioComponent.uasset" 136
"../../../Engine/Content/EditorResources/AudioIcons/S_AudioComponent_AutoActivate.uasset" 137
"../../../Engine/Content/EditorResources/LightIcons/S_LightError.uasset" 138
"../../../Engine/Content/EditorResources/SequenceRecorder/Countdown.uasset" 139
"../../../Engine/Content/EditorResources/SequenceRecorder/RecordingIndicator.uasset" 140
"../../../Engine/Content/EditorSounds/Notifications/CompileFailed.uasset" 141
"../../../Engine/Content/EditorSounds/Notifications/CompileFailed_Cue.uasset" 142
"../../../Engine/Content/EditorSounds/Notifications/CompileSuccess.uasset" 143
"../../../Engine/Content/EditorSounds/Notifications/CompileStart_Cue.uasset" 144
"../../../Engine/Content/EditorSounds/Notifications/CompileSuccess_Cue.uasset" 145
"../../../Engine/Content/EngineDamageTypes/DmgTypeBP_Environmental.uasset" 146
"../../../Engine/Content/EngineDebugMaterials/HeatmapGradient.uasset" 147
"../../../Engine/Content/EngineDebugMaterials/BoneWeightMaterial.uasset" 148
"../../../Engine/Content/EngineDebugMaterials/ClothMaterial.uasset" 149
"../../../Engine/Content/EngineDebugMaterials/ClothMaterial_WF.uasset" 150
"../../../Engine/Content/EngineDebugMaterials/DebugEditorMaterial.uasset" 151
"../../../Engine/Content/EngineDebugMaterials/DebugMeshMaterial.uasset" 152
"../../../Engine/Content/EngineDebugMaterials/GeomMaterial.uasset" 153
"../../../Engine/Content/EngineDebugMaterials/M_SimpleTranslucent.uasset" 154
"../../../Engine/Content/Functions/Engine_MaterialFunctions02/Utility/CameraDirectionVector.uasset" 155
"../../../Engine/Content/EngineDebugMaterials/VolumeToRender.uasset" 156
"../../../Engine/Content/EngineDebugMaterials/M_VolumeRenderSphereTracePP.uasset" 157
"../../../Engine/Content/EngineDebugMaterials/WireframeMaterial.uasset" 158
"../../../Engine/Content/EngineFonts/Faces/RobotoBold.uasset" 159
"../../../Engine/Content/EngineFonts/Faces/RobotoBoldItalic.uasset" 160
"../../../Engine/Content/EngineFonts/Faces/RobotoItalic.uasset" 161
"../../../Engine/Content/EngineFonts/Faces/RobotoLight.uasset" 162
"../../../Engine/Content/EngineFonts/Faces/RobotoRegular.uasset" 163
"../../../Engine/Content/EngineFonts/Roboto.uasset" 164
"../../../Engine/Content/EngineFonts/Faces/RobotoTiny.uasset" 165
"../../../Engine/Content/EngineFonts/RobotoTiny.uasset" 166
"../../../Engine/Content/EngineMaterials/BaseFlattenDiffuseMap.uasset" 167
"../../../Engine/Content/EngineMaterials/BaseFlattenEmissiveMap.uasset" 168
"../../../Engine/Content/EngineMaterials/BaseFlattenGrayscaleMap.uasset" 169
"../../../Engine/Content/EngineMaterials/BaseFlattenNormalMap.uasset" 170
"../../../Engine/Content/EngineMaterials/BaseFlattenMaterial.uasset" 171
"../../../Engine/Content/EngineMaterials/BlueNoise.uasset" 172
"../../../Engine/Content/EngineMaterials/DefaultBloomKernel.uasset" 173
"../../../Engine/Content/EngineMaterials/DefaultBokeh.uasset" 174
"../../../Engine/Content/EngineMaterials/DefaultDiffuse.uasset" 175
"../../../Engine/Content/EngineMaterials/DefaultDeferredDecalMaterial.uasset" 176
"../../../Engine/Content/EngineMaterials/DefaultLightFunctionMaterial.uasset" 177
"../../../Engine/Content/EngineMaterials/DefaultPhysicalMaterial.uasset" 178
"../../../Engine/Content/Functions/Engine_MaterialFunctions02/Utility/BreakOutFloat2Components.uasset" 179
"../../../Engine/Content/EngineMaterials/DefaultPostProcessMaterial.uasset" 180
"../../../Engine/Content/EngineFonts/RobotoDistanceField.uasset" 181
"../../../Engine/Content/EngineMaterials/DefaultTextMaterialOpaque.uasset" 182
"../../../Engine/Content/EngineMaterials/DefaultVirtualTextureMaterial.uasset" 183
"../../../Engine/Content/EngineMaterials/DefaultWhiteGrid.uasset" 184
"../../../Engine/Content/EngineMaterials/EditorBrushMaterial.uasset" 185
"../../../Engine/Content/EngineMaterials/DefaultWhiteGrid_Low.uasset" 186
"../../../Engine/Content/EngineMaterials/EmissiveMeshMaterial.uasset" 187
"../../../Engine/Content/EngineMaterials/Good64x64TilingNoiseHighFreq.uasset" 188
"../../../Engine/Content/EngineMaterials/MiniFont.uasset" 189
"../../../Engine/Content/EngineMaterials/InvalidLightmapSettings.uasset" 190
"../../../Engine/Content/EngineMaterials/M_InvalidLightmapSettings.uasset" 191
"../../../Engine/Content/Functions/Engine_MaterialFunctions02/WorldPositionOffset/CameraOffset.uasset" 192
"../../../Engine/Content/EngineMaterials/PhAT_JointLimitMaterial.uasset" 193
"../../../Engine/Content/EngineMaterials/PreintegratedSkinBRDF.uasset" 194
"../../../Engine/Content/EngineMaterials/RemoveSurfaceMaterial.uasset" 195
"../../../Engine/Content/EngineMaterials/WeightMapPlaceholderTexture.uasset" 196
"../../../Engine/Content/EngineResources/WhiteSquareTexture.uasset" 197
"../../../Engine/Content/EngineMaterials/Widget3DPassThrough.uasset" 198
"../../../Engine/Content/EngineMaterials/Widget3DPassThrough_Masked.uasset" 199
"../../../Engine/Content/EngineMaterials/Widget3DPassThrough_Opaque.uasset" 200
"../../../Engine/Content/EngineMaterials/Widget3DPassThrough_Masked_OneSided.uasset" 201
"../../../Engine/Content/EngineMaterials/Widget3DPassThrough_Opaque_OneSided.uasset" 202
"../../../Engine/Content/EngineMaterials/Widget3DPassThrough_Translucent.uasset" 203
"../../../Engine/Content/EngineMaterials/Widget3DPassThrough_Translucent_OneSided.uasset" 204
"../../../Engine/Content/EngineMeshes/Cylinder.uasset" 205
"../../../Engine/Content/EngineMeshes/Sphere.uasset" 206
"../../../Engine/Content/EngineResources/Black.uasset" 207
"../../../Engine/Content/EngineResources/DefaultTexture.uasset" 208
"../../../Engine/Content/EngineResources/DefaultTextureCube.uasset" 209
"../../../Engine/Content/EngineResources/DefaultVolumeTexture2D.uasset" 210
"../../../Engine/Content/EngineResources/DefaultVolumeTexture.uasset" 211
"../../../Engine/Content/EngineResources/GradientTexture0.uasset" 212
"../../../Engine/Content/EngineSounds/Master.uasset" 213
"../../../Engine/Content/Functions/Engine_MaterialFunctions01/Shading/ConvertFromDiffSpec.uasset" 214
"../../../Engine/Content/Functions/Engine_MaterialFunctions01/Shading/PowerToRoughness.uasset" 215
"../../../Engine/Content/Maps/Templates/Thumbnails/Default.uasset" 216
"../../../Engine/Content/Maps/Templates/Thumbnails/VR-Basic.uasset" 217
"../../../Engine/Content/MobileResources/T_MobileControls_texture.uasset" 218
"../../../Engine/Content/MobileResources/T_MobileMenu2.uasset" 219
"../../../Engine/Content/MobileResources/HUD/AnalogHat.uasset" 220
"../../../Engine/Content/MobileResources/HUD/VirtualJoystick_Background.uasset" 221
"../../../Engine/Content/MobileResources/HUD/VirtualJoystick_Thumb.uasset" 222
"../../../Engine/Content/MobileResources/HUD/DefaultVirtualJoysticks.uasset" 223
"../../../Engine/Content/MobileResources/HUD/LeftVirtualJoystickOnly.uasset" 224
"../../../Engine/Content/MobileResources/HUD/MobileHUDButton1_off.uasset" 225
"../../../Engine/Content/MobileResources/HUD/MobileHUDButton1_on.uasset" 226
"../../../Engine/Content/MobileResources/HUD/MobileHUDButton2_off.uasset" 227
"../../../Engine/Content/MobileResources/HUD/MobileHUDButton2_on.uasset" 228
"../../../Engine/Content/MobileResources/HUD/MobileHUDButton3.uasset" 229
"../../../Engine/Content/MobileResources/HUD/MobileHUDButtonFire.uasset" 230
"../../../Engine/Content/MobileResources/HUD/MobileHUDDirectionPad.uasset" 231
"../../../Engine/Content/MobileResources/HUD/MobileHUDDirectionPad2.uasset" 232
"../../../Engine/Content/MobileResources/HUD/MobileHUDDirectionPad3.uasset" 233
"../../../Engine/Content/MobileResources/HUD/MobileHUDDirectionStick.uasset" 234
"../../../Engine/Content/MobileResources/HUD/T_Castle_ThumbstickInner.uasset" 235
"../../../Engine/Content/MobileResources/HUD/T_Castle_ThumbstickOutter.uasset" 236
"../../../Engine/Content/Tutorial/ContentIntroCurve.uasset" 237
"../../../Engine/Content/Tutorial/Basics/LevelEditorAttract.uasset" 238
"../../../Engine/Content/VREditor/LaserPointer/VR_LaserPower_01.uasset" 239
"../../../Engine/Content/VREditor/TransformGizmo/TransformGizmoMaterial.uasset" 240
"../../../Engine/Content/VREditor/TransformGizmo/TranslucentTransformGizmoMaterial.uasset" 241
"../../../Engine/Content/VREditor/TransformGizmo/BoundingBoxCorner.uasset" 242
"../../../Engine/Content/VREditor/TransformGizmo/BoundingBoxEdge.uasset" 243
"../../../Engine/Content/VREditor/TransformGizmo/PlaneTranslationHandle.uasset" 244
"../../../Engine/Content/VREditor/TransformGizmo/Main.uasset" 245
"../../../Engine/Content/VREditor/TransformGizmo/Xray.uasset" 246
"../../../Engine/Content/VREditor/TransformGizmo/SM_Sequencer_Key.uasset" 247
"../../../Engine/Content/VREditor/TransformGizmo/SM_Sequencer_Node.uasset" 248
"../../Plugins/2D/Paper2D/Content/PlaceholderTextures/DummySpriteTexture.uasset" 249
"../../Plugins/2D/Paper2D/Content/DummySprite.uasset" 250
"../../Plugins/2D/Paper2D/Content/DefaultPaperTerrainMaterial.uasset" 251
"../../Plugins/2D/Paper2D/Content/DummySpriteTexture.uasset" 252
"../../Plugins/2D/Paper2D/Content/DefaultSpriteMaterial.uasset" 253
"../../Plugins/2D/Paper2D/Content/MaskedUnlitSpriteMaterial.uasset" 254
"../../Plugins/2D/Paper2D/Content/OpaqueUnlitSpriteMaterial.uasset" 255
"../../Plugins/Runtime/HoudiniEngine/Content/houdini_bgeo_import.uasset" 256
"../../Plugins/Runtime/HoudiniEngine/Content/houdini_default_material.uasset" 257
"../../Plugins/Runtime/HoudiniEngine/Content/houdini_logo.uasset" 258
"../../Plugins/Runtime/Oculus/OculusVR/Content/OculusMR_RenderTarget.uasset" 259
"../../../Engine/Content/Functions/Engine_MaterialFunctions02/Utility/BreakOutFloat4Components.uasset" 260
"../../../Engine/Content/Functions/Engine_MaterialFunctions02/Utility/MakeFloat2.uasset" 261
"../../../Engine/Content/Functions/Engine_MaterialFunctions02/Utility/MakeFloat3.uasset" 262
"../../Plugins/Runtime/Oculus/OculusVR/Content/Materials/OculusMR_ChromaKey.uasset" 263
"../../Plugins/Runtime/Oculus/OculusVR/Content/Materials/OculusMR_ChromaKey_Lit.uasset" 264
"../../Plugins/Runtime/Oculus/OculusVR/Content/Materials/OculusMR_OpaqueColoredMaterial.uasset" 265
"../../Plugins/Runtime/Oculus/OculusVR/Content/Materials/OculusMR_WhiteMaterial.uasset" 266
"../../../../../../UE4_L-System_Blueprint_GitHub/UE4_L_System_Blueprint/LSystemTreeBP/Content/StarterContent/Blueprints/Assets/FogBrightnessLUT.uasset" 267
"../../../../../../UE4_L-System_Blueprint_GitHub/UE4_L_System_Blueprint/LSystemTreeBP/Content/StarterContent/Blueprints/Assets/SunlightColorLUT.uasset" 268
"../../../../../../UE4_L-System_Blueprint_GitHub/UE4_L_System_Blueprint/LSystemTreeBP/Content/StarterContent/Blueprints/Assets/M_LightStage_Arrows.uasset" 269
"../../../Engine/Content/MapTemplates/Sky/DaylightAmbientCubemap.uasset" 270
"../../../../../../UE4_L-System_Blueprint_GitHub/UE4_L_System_Blueprint/LSystemTreeBP/Content/StarterContent/Blueprints/Assets/M_LightStage_Skybox_Master.uasset" 271
"../../../../../../UE4_L-System_Blueprint_GitHub/UE4_L_System_Blueprint/LSystemTreeBP/Content/StarterContent/Blueprints/Assets/M_LightStage_Skybox_Black.uasset" 272
"../../../../../../UE4_L-System_Blueprint_GitHub/UE4_L_System_Blueprint/LSystemTreeBP/Content/StarterContent/Blueprints/Assets/M_LightStage_Skybox_HDRI.uasset" 273
"../../../Engine/Content/EditorMaterials/Thumbnails/SkySphereMaterial.uasset" 274
"../../../../../../UE4_L-System_Blueprint_GitHub/UE4_L_System_Blueprint/LSystemTreeBP/Content/StarterContent/Blueprints/Assets/Skybox.uasset" 275
"../../../../../../UE4_L-System_Blueprint_GitHub/UE4_L_System_Blueprint/LSystemTreeBP/Content/StarterContent/Blueprints/Assets/SM_Arrows.uasset" 276
"../../../../../../UE4_L-System_Blueprint_GitHub/UE4_L_System_Blueprint/LSystemTreeBP/Content/StarterContent/HDRI/HDRI_Epic_Courtyard_Daylight.uasset" 277
"../../../../../../UE4_L-System_Blueprint_GitHub/UE4_L_System_Blueprint/LSystemTreeBP/Content/StarterContent/Blueprints/BP_LightStudio.uasset" 278
"../../../../../../UE4_L-System_Blueprint_GitHub/UE4_L_System_Blueprint/LSystemTreeBP/Content/StarterContent/Maps/Advanced_Lighting_BuiltData.uasset" 279
"../../../../../../UE4_L-System_Blueprint_GitHub/UE4_L_System_Blueprint/LSystemTreeBP/Content/StarterContent/Materials/M_AssetPlatform.uasset" 280
"../../../Engine/Content/EditorMeshes/ColorCalibrator/M_ChromeBall.uasset" 281
"../../../Engine/Content/EditorMeshes/ColorCalibrator/M_ClearCoat.uasset" 282
"../../../Engine/Content/EditorMeshes/ColorCalibrator/M_ClearCoatBlack.uasset" 283
"../../../Engine/Content/EditorMeshes/ColorCalibrator/Color_checker.uasset" 284
"../../../Engine/Content/EditorMeshes/ColorCalibrator/M_ColorGrid.uasset" 285
"../../../Engine/Content/EditorMeshes/ColorCalibrator/M_GreyBall.uasset" 286
"../../../Engine/Content/EditorMeshes/ColorCalibrator/SM_ColorCalibrator.uasset" 287
"../../../../../../UE4_L-System_Blueprint_GitHub/UE4_L_System_Blueprint/LSystemTreeBP/Content/StarterContent/Architecture/SM_AssetPlatform.uasset" 288
"../../../../../../UE4_L-System_Blueprint_GitHub/UE4_L_System_Blueprint/LSystemTreeBP/Content/StarterContent/Maps/Advanced_Lighting.umap" 289
"../../../Engine/Content/EngineSky/C_Sky_Cloud_Color.uasset" 290
"../../../Engine/Content/EngineSky/C_Sky_Horizon_Color.uasset" 291
"../../../Engine/Content/EngineSky/C_Sky_Zenith_Color.uasset" 292
"../../../Engine/Content/EngineSky/T_Sky_Blue.uasset" 293
"../../../Engine/Content/EngineSky/T_Sky_Clouds_M.uasset" 294
"../../../Engine/Content/EngineSky/T_Sky_Stars.uasset" 295
"../../../Engine/Content/EngineSky/M_Sky_Panning_Clouds2.uasset" 296
"../../../Engine/Content/EngineSky/SM_SkySphere.uasset" 297
"../../../Engine/Content/EngineSky/BP_Sky_Sphere.uasset" 298
"../../../../../../UE4_L-System_Blueprint_GitHub/UE4_L_System_Blueprint/LSystemTreeBP/Content/StarterContent/Maps/Minimal_Default_BuiltData.uasset" 299
"../../../../../../UE4_L-System_Blueprint_GitHub/UE4_L_System_Blueprint/LSystemTreeBP/Content/StarterContent/Textures/T_MacroVariation.uasset" 300
"../../../../../../UE4_L-System_Blueprint_GitHub/UE4_L_System_Blueprint/LSystemTreeBP/Content/StarterContent/Materials/M_Metal_Brushed_Nickel.uasset" 301
"../../../../../../UE4_L-System_Blueprint_GitHub/UE4_L_System_Blueprint/LSystemTreeBP/Content/StarterContent/Architecture/Floor_400x400.uasset" 302
"../../../../../../UE4_L-System_Blueprint_GitHub/UE4_L_System_Blueprint/LSystemTreeBP/Content/StarterContent/Audio/Starter_Background_Cue.uasset" 303
"../../../../../../UE4_L-System_Blueprint_GitHub/UE4_L_System_Blueprint/LSystemTreeBP/Content/StarterContent/Maps/Minimal_Default.umap" 304
"../../../../../../UE4_L-System_Blueprint_GitHub/UE4_L_System_Blueprint/LSystemTreeBP/Content/StarterContent/Audio/Fire01_Cue.uasset" 305
"../../../../../../UE4_L-System_Blueprint_GitHub/UE4_L_System_Blueprint/LSystemTreeBP/Content/StarterContent/Textures/T_Fire_SubUV.uasset" 306
"../../../../../../UE4_L-System_Blueprint_GitHub/UE4_L_System_Blueprint/LSystemTreeBP/Content/StarterContent/Textures/T_Fire_Tiled_D.uasset" 307
"../../../../../../UE4_L-System_Blueprint_GitHub/UE4_L_System_Blueprint/LSystemTreeBP/Content/StarterContent/Particles/Materials/M_Fire_SubUV.uasset" 308
"../../../../../../UE4_L-System_Blueprint_GitHub/UE4_L_System_Blueprint/LSystemTreeBP/Content/StarterContent/Textures/T_Water_N.uasset" 309
"../../../../../../UE4_L-System_Blueprint_GitHub/UE4_L_System_Blueprint/LSystemTreeBP/Content/StarterContent/Particles/Materials/M_Heat_Distortion.uasset" 310
"../../../../../../UE4_L-System_Blueprint_GitHub/UE4_L_System_Blueprint/LSystemTreeBP/Content/StarterContent/Particles/Materials/M_Radial_Gradient.uasset" 311
"../../../../../../UE4_L-System_Blueprint_GitHub/UE4_L_System_Blueprint/LSystemTreeBP/Content/StarterContent/Particles/P_Fire.uasset" 312
"../../../../../../UE4_L-System_Blueprint_GitHub/UE4_L_System_Blueprint/LSystemTreeBP/Content/StarterContent/Blueprints/Blueprint_Effect_Fire.uasset" 313
"../../../../../../UE4_L-System_Blueprint_GitHub/UE4_L_System_Blueprint/LSystemTreeBP/Content/StarterContent/Audio/Smoke01_Cue.uasset" 314
"../../../../../../UE4_L-System_Blueprint_GitHub/UE4_L_System_Blueprint/LSystemTreeBP/Content/StarterContent/Particles/P_Smoke.uasset" 315
"../../../../../../UE4_L-System_Blueprint_GitHub/UE4_L_System_Blueprint/LSystemTreeBP/Content/StarterContent/Blueprints/Blueprint_Effect_Smoke.uasset" 316
"../../../../../../UE4_L-System_Blueprint_GitHub/UE4_L_System_Blueprint/LSystemTreeBP/Content/StarterContent/Audio/Fire_Sparks01_Cue.uasset" 317
"../../../../../../UE4_L-System_Blueprint_GitHub/UE4_L_System_Blueprint/LSystemTreeBP/Content/StarterContent/Textures/T_Spark_Core.uasset" 318
"../../../../../../UE4_L-System_Blueprint_GitHub/UE4_L_System_Blueprint/LSystemTreeBP/Content/StarterContent/Particles/Materials/M_Spark.uasset" 319
"../../../../../../UE4_L-System_Blueprint_GitHub/UE4_L_System_Blueprint/LSystemTreeBP/Content/StarterContent/Particles/P_Sparks.uasset" 320
"../../../../../../UE4_L-System_Blueprint_GitHub/UE4_L_System_Blueprint/LSystemTreeBP/Content/StarterContent/Blueprints/Blueprint_Effect_Sparks.uasset" 321
"../../../../../../UE4_L-System_Blueprint_GitHub/UE4_L_System_Blueprint/LSystemTreeBP/Content/StarterContent/Audio/Steam01_Cue.uasset" 322
"../../../../../../UE4_L-System_Blueprint_GitHub/UE4_L_System_Blueprint/LSystemTreeBP/Content/StarterContent/Particles/P_Steam_Lit.uasset" 323
"../../../../../../UE4_L-System_Blueprint_GitHub/UE4_L_System_Blueprint/LSystemTreeBP/Content/StarterContent/Blueprints/Blueprint_Effect_Steam.uasset" 324
"../../../../../../UE4_L-System_Blueprint_GitHub/UE4_L_System_Blueprint/LSystemTreeBP/Content/StarterContent/Textures/T_Lamp_M.uasset" 325
"../../../../../../UE4_L-System_Blueprint_GitHub/UE4_L_System_Blueprint/LSystemTreeBP/Content/StarterContent/Textures/T_Lamp_N.uasset" 326
"../../../../../../UE4_L-System_Blueprint_GitHub/UE4_L_System_Blueprint/LSystemTreeBP/Content/StarterContent/Props/Materials/M_Lamp.uasset" 327
"../../../../../../UE4_L-System_Blueprint_GitHub/UE4_L_System_Blueprint/LSystemTreeBP/Content/StarterContent/Props/SM_Lamp_Ceiling.uasset" 328
"../../../../../../UE4_L-System_Blueprint_GitHub/UE4_L_System_Blueprint/LSystemTreeBP/Content/StarterContent/Blueprints/Blueprint_CeilingLight.uasset" 329
"../../../../../../UE4_L-System_Blueprint_GitHub/UE4_L_System_Blueprint/LSystemTreeBP/Content/StarterContent/Props/SM_Lamp_Wall.uasset" 330
"../../../../../../UE4_L-System_Blueprint_GitHub/UE4_L_System_Blueprint/LSystemTreeBP/Content/StarterContent/Blueprints/Blueprint_WallSconce.uasset" 331
"../../../../../../UE4_L-System_Blueprint_GitHub/UE4_L_System_Blueprint/LSystemTreeBP/Content/StarterContent/Maps/StarterMap_BuiltData.uasset" 332
"../../../Engine/Content/Functions/Engine_MaterialFunctions03/Procedurals/ComputeFilterWidth.uasset" 333
"../../../Engine/Content/EngineMaterials/AntiAliasedTextMaterialTranslucent.uasset" 334
"../../../../../../UE4_L-System_Blueprint_GitHub/UE4_L_System_Blueprint/LSystemTreeBP/Content/StarterContent/Textures/T_Brick_Clay_Beveled_D.uasset" 335
"../../../../../../UE4_L-System_Blueprint_GitHub/UE4_L_System_Blueprint/LSystemTreeBP/Content/StarterContent/Textures/T_Brick_Clay_Beveled_M.uasset" 336
"../../../../../../UE4_L-System_Blueprint_GitHub/UE4_L_System_Blueprint/LSystemTreeBP/Content/StarterContent/Textures/T_Brick_Clay_Beveled_N.uasset" 337
"../../../../../../UE4_L-System_Blueprint_GitHub/UE4_L_System_Blueprint/LSystemTreeBP/Content/StarterContent/Materials/M_Brick_Clay_Beveled.uasset" 338
"../../../../../../UE4_L-System_Blueprint_GitHub/UE4_L_System_Blueprint/LSystemTreeBP/Content/StarterContent/Textures/T_Brick_Clay_New_D.uasset" 339
"../../../../../../UE4_L-System_Blueprint_GitHub/UE4_L_System_Blueprint/LSystemTreeBP/Content/StarterContent/Textures/T_Brick_Clay_New_M.uasset" 340
"../../../../../../UE4_L-System_Blueprint_GitHub/UE4_L_System_Blueprint/LSystemTreeBP/Content/StarterContent/Textures/T_Brick_Clay_New_N.uasset" 341
"../../../../../../UE4_L-System_Blueprint_GitHub/UE4_L_System_Blueprint/LSystemTreeBP/Content/StarterContent/Materials/M_Brick_Clay_New.uasset" 342
"../../../../../../UE4_L-System_Blueprint_GitHub/UE4_L_System_Blueprint/LSystemTreeBP/Content/StarterContent/Textures/T_Brick_Clay_Old_D.uasset" 343
"../../../../../../UE4_L-System_Blueprint_GitHub/UE4_L_System_Blueprint/LSystemTreeBP/Content/StarterContent/Textures/T_Brick_Clay_Old_N.uasset" 344
"../../../../../../UE4_L-System_Blueprint_GitHub/UE4_L_System_Blueprint/LSystemTreeBP/Content/StarterContent/Textures/T_Perlin_Noise_M.uasset" 345
"../../../../../../UE4_L-System_Blueprint_GitHub/UE4_L_System_Blueprint/LSystemTreeBP/Content/StarterContent/Materials/M_Brick_Clay_Old.uasset" 346
"../../../../../../UE4_L-System_Blueprint_GitHub/UE4_L_System_Blueprint/LSystemTreeBP/Content/StarterContent/Textures/T_Brick_Cut_Stone_D.uasset" 347
"../../../../../../UE4_L-System_Blueprint_GitHub/UE4_L_System_Blueprint/LSystemTreeBP/Content/StarterContent/Textures/T_Brick_Cut_Stone_N.uasset" 348
"../../../../../../UE4_L-System_Blueprint_GitHub/UE4_L_System_Blueprint/LSystemTreeBP/Content/StarterContent/Materials/M_Brick_Cut_Stone.uasset" 349
"../../../../../../UE4_L-System_Blueprint_GitHub/UE4_L_System_Blueprint/LSystemTreeBP/Content/StarterContent/Textures/T_Brick_Hewn_Stone_D.uasset" 350
"../../../../../../UE4_L-System_Blueprint_GitHub/UE4_L_System_Blueprint/LSystemTreeBP/Content/StarterContent/Textures/T_Brick_Hewn_Stone_M.uasset" 351
"../../../../../../UE4_L-System_Blueprint_GitHub/UE4_L_System_Blueprint/LSystemTreeBP/Content/StarterContent/Textures/T_Brick_Hewn_Stone_N.uasset" 352
"../../../../../../UE4_L-System_Blueprint_GitHub/UE4_L_System_Blueprint/LSystemTreeBP/Content/StarterContent/Materials/M_Brick_Hewn_Stone.uasset" 353
"../../../../../../UE4_L-System_Blueprint_GitHub/UE4_L_System_Blueprint/LSystemTreeBP/Content/StarterContent/Textures/T_Ceramic_Tile_M.uasset" 354
"../../../../../../UE4_L-System_Blueprint_GitHub/UE4_L_System_Blueprint/LSystemTreeBP/Content/StarterContent/Textures/T_Ceramic_Tile_N.uasset" 355
"../../../../../../UE4_L-System_Blueprint_GitHub/UE4_L_System_Blueprint/LSystemTreeBP/Content/StarterContent/Textures/T_Rock_Marble_Polished_D.uasset" 356
"../../../../../../UE4_L-System_Blueprint_GitHub/UE4_L_System_Blueprint/LSystemTreeBP/Content/StarterContent/Materials/M_Ceramic_Tile_Checker.uasset" 357
"../../../../../../UE4_L-System_Blueprint_GitHub/UE4_L_System_Blueprint/LSystemTreeBP/Content/StarterContent/Textures/T_CobbleStone_Pebble_D.uasset" 358
"../../../../../../UE4_L-System_Blueprint_GitHub/UE4_L_System_Blueprint/LSystemTreeBP/Content/StarterContent/Textures/T_CobbleStone_Pebble_M.uasset" 359
"../../../../../../UE4_L-System_Blueprint_GitHub/UE4_L_System_Blueprint/LSystemTreeBP/Content/StarterContent/Textures/T_CobbleStone_Pebble_N.uasset" 360
"../../../../../../UE4_L-System_Blueprint_GitHub/UE4_L_System_Blueprint/LSystemTreeBP/Content/StarterContent/Materials/M_CobbleStone_Pebble.uasset" 361
"../../../../../../UE4_L-System_Blueprint_GitHub/UE4_L_System_Blueprint/LSystemTreeBP/Content/StarterContent/Textures/T_CobbleStone_Rough_D.uasset" 362
"../../../../../../UE4_L-System_Blueprint_GitHub/UE4_L_System_Blueprint/LSystemTreeBP/Content/StarterContent/Textures/T_CobbleStone_Rough_N.uasset" 363
"../../../../../../UE4_L-System_Blueprint_GitHub/UE4_L_System_Blueprint/LSystemTreeBP/Content/StarterContent/Textures/T_Gradinet_01.uasset" 364
"../../../../../../UE4_L-System_Blueprint_GitHub/UE4_L_System_Blueprint/LSystemTreeBP/Content/StarterContent/Textures/T_Rock_Smooth_Granite_D.uasset" 365
"../../../../../../UE4_L-System_Blueprint_GitHub/UE4_L_System_Blueprint/LSystemTreeBP/Content/StarterContent/Materials/M_CobbleStone_Rough.uasset" 366
"../../../../../../UE4_L-System_Blueprint_GitHub/UE4_L_System_Blueprint/LSystemTreeBP/Content/StarterContent/Textures/T_CobbleStone_Smooth_D.uasset" 367
"../../../../../../UE4_L-System_Blueprint_GitHub/UE4_L_System_Blueprint/LSystemTreeBP/Content/StarterContent/Textures/T_CobbleStone_Smooth_M.uasset" 368
"../../../../../../UE4_L-System_Blueprint_GitHub/UE4_L_System_Blueprint/LSystemTreeBP/Content/StarterContent/Textures/T_CobbleStone_Smooth_N.uasset" 369
"../../../../../../UE4_L-System_Blueprint_GitHub/UE4_L_System_Blueprint/LSystemTreeBP/Content/StarterContent/Materials/M_CobbleStone_Smooth.uasset" 370
"../../../../../../UE4_L-System_Blueprint_GitHub/UE4_L_System_Blueprint/LSystemTreeBP/Content/StarterContent/Textures/T_Concrete_Grime_D.uasset" 371
"../../../../../../UE4_L-System_Blueprint_GitHub/UE4_L_System_Blueprint/LSystemTreeBP/Content/StarterContent/Textures/T_Metal_Rust_N.uasset" 372
"../../../../../../UE4_L-System_Blueprint_GitHub/UE4_L_System_Blueprint/LSystemTreeBP/Content/StarterContent/Materials/M_Concrete_Grime.uasset" 373
"../../../../../../UE4_L-System_Blueprint_GitHub/UE4_L_System_Blueprint/LSystemTreeBP/Content/StarterContent/Textures/T_Concrete_Panels_D.uasset" 374
"../../../../../../UE4_L-System_Blueprint_GitHub/UE4_L_System_Blueprint/LSystemTreeBP/Content/StarterContent/Textures/T_Concrete_Panels_N.uasset" 375
"../../../../../../UE4_L-System_Blueprint_GitHub/UE4_L_System_Blueprint/LSystemTreeBP/Content/StarterContent/Materials/M_Concrete_Panels.uasset" 376
"../../../../../../UE4_L-System_Blueprint_GitHub/UE4_L_System_Blueprint/LSystemTreeBP/Content/StarterContent/Textures/T_Concrete_Poured_D.uasset" 377
"../../../../../../UE4_L-System_Blueprint_GitHub/UE4_L_System_Blueprint/LSystemTreeBP/Content/StarterContent/Textures/T_Concrete_Poured_N.uasset" 378
"../../../../../../UE4_L-System_Blueprint_GitHub/UE4_L_System_Blueprint/LSystemTreeBP/Content/StarterContent/Materials/M_Concrete_Poured.uasset" 379
"../../../../../../UE4_L-System_Blueprint_GitHub/UE4_L_System_Blueprint/LSystemTreeBP/Content/StarterContent/Textures/T_Concrete_Tiles_D.uasset" 380
"../../../../../../UE4_L-System_Blueprint_GitHub/UE4_L_System_Blueprint/LSystemTreeBP/Content/StarterContent/Textures/T_Concrete_Tiles_M.uasset" 381
"../../../../../../UE4_L-System_Blueprint_GitHub/UE4_L_System_Blueprint/LSystemTreeBP/Content/StarterContent/Textures/T_Concrete_Tiles_N.uasset" 382
"../../../../../../UE4_L-System_Blueprint_GitHub/UE4_L_System_Blueprint/LSystemTreeBP/Content/StarterContent/Textures/T_Concrete_Tiles_Variation_M.uasset" 383
"../../../../../../UE4_L-System_Blueprint_GitHub/UE4_L_System_Blueprint/LSystemTreeBP/Content/StarterContent/Materials/M_Concrete_Tiles.uasset" 384
"../../../../../../UE4_L-System_Blueprint_GitHub/UE4_L_System_Blueprint/LSystemTreeBP/Content/StarterContent/Textures/T_Ground_Grass_D.uasset" 385
"../../../../../../UE4_L-System_Blueprint_GitHub/UE4_L_System_Blueprint/LSystemTreeBP/Content/StarterContent/Textures/T_Ground_Grass_N.uasset" 386
"../../../../../../UE4_L-System_Blueprint_GitHub/UE4_L_System_Blueprint/LSystemTreeBP/Content/StarterContent/Materials/M_Ground_Grass.uasset" 387
"../../../../../../UE4_L-System_Blueprint_GitHub/UE4_L_System_Blueprint/LSystemTreeBP/Content/StarterContent/Textures/T_Ground_Gravel_D.uasset" 388
"../../../../../../UE4_L-System_Blueprint_GitHub/UE4_L_System_Blueprint/LSystemTreeBP/Content/StarterContent/Textures/T_Ground_Gravel_N.uasset" 389
"../../../../../../UE4_L-System_Blueprint_GitHub/UE4_L_System_Blueprint/LSystemTreeBP/Content/StarterContent/Materials/M_Ground_Gravel.uasset" 390
"../../../../../../UE4_L-System_Blueprint_GitHub/UE4_L_System_Blueprint/LSystemTreeBP/Content/StarterContent/Textures/T_ground_Moss_D.uasset" 391
"../../../../../../UE4_L-System_Blueprint_GitHub/UE4_L_System_Blueprint/LSystemTreeBP/Content/StarterContent/Textures/T_Ground_Moss_N.uasset" 392
"../../../../../../UE4_L-System_Blueprint_GitHub/UE4_L_System_Blueprint/LSystemTreeBP/Content/StarterContent/Materials/M_Ground_Moss.uasset" 393
"../../../../../../UE4_L-System_Blueprint_GitHub/UE4_L_System_Blueprint/LSystemTreeBP/Content/StarterContent/Textures/T_Metal_Aluminum_D.uasset" 394
"../../../../../../UE4_L-System_Blueprint_GitHub/UE4_L_System_Blueprint/LSystemTreeBP/Content/StarterContent/Textures/T_Metal_Gold_N.uasset" 395
"../../../../../../UE4_L-System_Blueprint_GitHub/UE4_L_System_Blueprint/LSystemTreeBP/Content/StarterContent/Materials/M_Metal_Burnished_Steel.uasset" 396
"../../../../../../UE4_L-System_Blueprint_GitHub/UE4_L_System_Blueprint/LSystemTreeBP/Content/StarterContent/Materials/M_Metal_Chrome.uasset" 397
"../../../../../../UE4_L-System_Blueprint_GitHub/UE4_L_System_Blueprint/LSystemTreeBP/Content/StarterContent/Textures/T_Metal_Copper_D.uasset" 398
"../../../../../../UE4_L-System_Blueprint_GitHub/UE4_L_System_Blueprint/LSystemTreeBP/Content/StarterContent/Materials/M_Metal_Copper.uasset" 399
"../../../../../../UE4_L-System_Blueprint_GitHub/UE4_L_System_Blueprint/LSystemTreeBP/Content/StarterContent/Textures/T_Metal_Gold_D.uasset" 400
"../../../../../../UE4_L-System_Blueprint_GitHub/UE4_L_System_Blueprint/LSystemTreeBP/Content/StarterContent/Materials/M_Metal_Gold.uasset" 401
"../../../../../../UE4_L-System_Blueprint_GitHub/UE4_L_System_Blueprint/LSystemTreeBP/Content/StarterContent/Textures/T_Metal_Rust_D.uasset" 402
"../../../../../../UE4_L-System_Blueprint_GitHub/UE4_L_System_Blueprint/LSystemTreeBP/Content/StarterContent/Materials/M_Metal_Rust.uasset" 403
"../../../../../../UE4_L-System_Blueprint_GitHub/UE4_L_System_Blueprint/LSystemTreeBP/Content/StarterContent/Textures/T_Metal_Steel_D.uasset" 404
"../../../../../../UE4_L-System_Blueprint_GitHub/UE4_L_System_Blueprint/LSystemTreeBP/Content/StarterContent/Textures/T_Metal_Steel_N.uasset" 405
"../../../../../../UE4_L-System_Blueprint_GitHub/UE4_L_System_Blueprint/LSystemTreeBP/Content/StarterContent/Materials/M_Metal_Steel.uasset" 406
"../../../../../../UE4_L-System_Blueprint_GitHub/UE4_L_System_Blueprint/LSystemTreeBP/Content/StarterContent/Textures/T_Rock_Basalt_N.uasset" 407
"../../../../../../UE4_L-System_Blueprint_GitHub/UE4_L_System_Blueprint/LSystemTreeBP/Content/StarterContent/Materials/M_Rock_Basalt.uasset" 408
"../../../../../../UE4_L-System_Blueprint_GitHub/UE4_L_System_Blueprint/LSystemTreeBP/Content/StarterContent/Materials/M_Rock_Marble_Polished.uasset" 409
"../../../../../../UE4_L-System_Blueprint_GitHub/UE4_L_System_Blueprint/LSystemTreeBP/Content/StarterContent/Textures/T_Rock_Sandstone_D.uasset" 410
"../../../../../../UE4_L-System_Blueprint_GitHub/UE4_L_System_Blueprint/LSystemTreeBP/Content/StarterContent/Textures/T_Rock_Sandstone_N.uasset" 411
"../../../../../../UE4_L-System_Blueprint_GitHub/UE4_L_System_Blueprint/LSystemTreeBP/Content/StarterContent/Materials/M_Rock_Sandstone.uasset" 412
"../../../../../../UE4_L-System_Blueprint_GitHub/UE4_L_System_Blueprint/LSystemTreeBP/Content/StarterContent/Textures/T_Rock_Slate_D.uasset" 413
"../../../../../../UE4_L-System_Blueprint_GitHub/UE4_L_System_Blueprint/LSystemTreeBP/Content/StarterContent/Textures/T_Rock_Slate_N.uasset" 414
"../../../../../../UE4_L-System_Blueprint_GitHub/UE4_L_System_Blueprint/LSystemTreeBP/Content/StarterContent/Materials/M_Rock_Slate.uasset" 415
"../../../../../../UE4_L-System_Blueprint_GitHub/UE4_L_System_Blueprint/LSystemTreeBP/Content/StarterContent/Textures/T_Checker_Noise_M.uasset" 416
"../../../../../../UE4_L-System_Blueprint_GitHub/UE4_L_System_Blueprint/LSystemTreeBP/Content/StarterContent/Textures/T_Single_Tile_N.uasset" 417
"../../../../../../UE4_L-System_Blueprint_GitHub/UE4_L_System_Blueprint/LSystemTreeBP/Content/StarterContent/Textures/T_Tech_Dot_M.uasset" 418
"../../../../../../UE4_L-System_Blueprint_GitHub/UE4_L_System_Blueprint/LSystemTreeBP/Content/StarterContent/Textures/T_Tech_Dot_N.uasset" 419
"../../../../../../UE4_L-System_Blueprint_GitHub/UE4_L_System_Blueprint/LSystemTreeBP/Content/StarterContent/Materials/M_Tech_Checker_Dot.uasset" 420
"../../../../../../UE4_L-System_Blueprint_GitHub/UE4_L_System_Blueprint/LSystemTreeBP/Content/StarterContent/Textures/T_Tech_Hex_Tile_M.uasset" 421
"../../../../../../UE4_L-System_Blueprint_GitHub/UE4_L_System_Blueprint/LSystemTreeBP/Content/StarterContent/Textures/T_Tech_Hex_Tile_N.uasset" 422
"../../../../../../UE4_L-System_Blueprint_GitHub/UE4_L_System_Blueprint/LSystemTreeBP/Content/StarterContent/Materials/M_Tech_Hex_Tile.uasset" 423
"../../../../../../UE4_L-System_Blueprint_GitHub/UE4_L_System_Blueprint/LSystemTreeBP/Content/StarterContent/Materials/M_Tech_Hex_Tile_Pulse.uasset" 424
"../../../../../../UE4_L-System_Blueprint_GitHub/UE4_L_System_Blueprint/LSystemTreeBP/Content/StarterContent/Textures/T_Tech_Panel_M.uasset" 425
"../../../../../../UE4_L-System_Blueprint_GitHub/UE4_L_System_Blueprint/LSystemTreeBP/Content/StarterContent/Textures/T_Tech_Panel_N.uasset" 426
"../../../../../../UE4_L-System_Blueprint_GitHub/UE4_L_System_Blueprint/LSystemTreeBP/Content/StarterContent/Materials/M_Tech_Panel.uasset" 427
"../../../../../../UE4_L-System_Blueprint_GitHub/UE4_L_System_Blueprint/LSystemTreeBP/Content/StarterContent/Materials/M_Water_Lake.uasset" 428
"../../../../../../UE4_L-System_Blueprint_GitHub/UE4_L_System_Blueprint/LSystemTreeBP/Content/StarterContent/Textures/T_Water_M.uasset" 429
"../../../../../../UE4_L-System_Blueprint_GitHub/UE4_L_System_Blueprint/LSystemTreeBP/Content/StarterContent/Materials/M_Water_Ocean.uasset" 430
"../../../../../../UE4_L-System_Blueprint_GitHub/UE4_L_System_Blueprint/LSystemTreeBP/Content/StarterContent/Textures/T_Wood_Floor_Walnut_D.uasset" 431
"../../../../../../UE4_L-System_Blueprint_GitHub/UE4_L_System_Blueprint/LSystemTreeBP/Content/StarterContent/Textures/T_Wood_Floor_Walnut_M.uasset" 432
"../../../../../../UE4_L-System_Blueprint_GitHub/UE4_L_System_Blueprint/LSystemTreeBP/Content/StarterContent/Textures/T_Wood_Floor_Walnut_N.uasset" 433
"../../../../../../UE4_L-System_Blueprint_GitHub/UE4_L_System_Blueprint/LSystemTreeBP/Content/StarterContent/Materials/M_Wood_Floor_Walnut_Polished.uasset" 434
"../../../Engine/Content/Functions/Engine_MaterialFunctions01/Opacity/AlphaOffset.uasset" 435
"../../../../../../UE4_L-System_Blueprint_GitHub/UE4_L_System_Blueprint/LSystemTreeBP/Content/StarterContent/Materials/M_Wood_Floor_Walnut_Worn.uasset" 436
"../../../../../../UE4_L-System_Blueprint_GitHub/UE4_L_System_Blueprint/LSystemTreeBP/Content/StarterContent/Textures/T_Wood_Oak_D.uasset" 437
"../../../../../../UE4_L-System_Blueprint_GitHub/UE4_L_System_Blueprint/LSystemTreeBP/Content/StarterContent/Textures/T_Wood_Oak_N.uasset" 438
"../../../../../../UE4_L-System_Blueprint_GitHub/UE4_L_System_Blueprint/LSystemTreeBP/Content/StarterContent/Materials/M_Wood_Oak.uasset" 439
"../../../../../../UE4_L-System_Blueprint_GitHub/UE4_L_System_Blueprint/LSystemTreeBP/Content/StarterContent/Textures/T_Wood_Pine_D.uasset" 440
"../../../../../../UE4_L-System_Blueprint_GitHub/UE4_L_System_Blueprint/LSystemTreeBP/Content/StarterContent/Textures/T_Wood_Pine_N.uasset" 441
"../../../../../../UE4_L-System_Blueprint_GitHub/UE4_L_System_Blueprint/LSystemTreeBP/Content/StarterContent/Materials/M_Wood_Pine.uasset" 442
"../../../../../../UE4_L-System_Blueprint_GitHub/UE4_L_System_Blueprint/LSystemTreeBP/Content/StarterContent/Textures/T_Wood_Walnut_N.uasset" 443
"../../../../../../UE4_L-System_Blueprint_GitHub/UE4_L_System_Blueprint/LSystemTreeBP/Content/StarterContent/Materials/M_Wood_Walnut.uasset" 444
"../../../../../../UE4_L-System_Blueprint_GitHub/UE4_L_System_Blueprint/LSystemTreeBP/Content/StarterContent/Architecture/Wall_400x200.uasset" 445
"../../../../../../UE4_L-System_Blueprint_GitHub/UE4_L_System_Blueprint/LSystemTreeBP/Content/StarterContent/Architecture/Wall_Door_400x300.uasset" 446
"../../../../../../UE4_L-System_Blueprint_GitHub/UE4_L_System_Blueprint/LSystemTreeBP/Content/StarterContent/Architecture/Wall_Window_400x300.uasset" 447
"../../../../../../UE4_L-System_Blueprint_GitHub/UE4_L_System_Blueprint/LSystemTreeBP/Content/StarterContent/Audio/Collapse_Cue.uasset" 448
"../../../../../../UE4_L-System_Blueprint_GitHub/UE4_L_System_Blueprint/LSystemTreeBP/Content/StarterContent/Audio/Starter_Music_Cue.uasset" 449
"../../../../../../UE4_L-System_Blueprint_GitHub/UE4_L_System_Blueprint/LSystemTreeBP/Content/StarterContent/Textures/T_Dust_Particle_D.uasset" 450
"../../../../../../UE4_L-System_Blueprint_GitHub/UE4_L_System_Blueprint/LSystemTreeBP/Content/StarterContent/Particles/Materials/M_Dust_Particle.uasset" 451
"../../../../../../UE4_L-System_Blueprint_GitHub/UE4_L_System_Blueprint/LSystemTreeBP/Content/StarterContent/Particles/P_Ambient_Dust.uasset" 452
"../../../../../../UE4_L-System_Blueprint_GitHub/UE4_L_System_Blueprint/LSystemTreeBP/Content/StarterContent/Props/MaterialSphere.uasset" 453
"../../../../../../UE4_L-System_Blueprint_GitHub/UE4_L_System_Blueprint/LSystemTreeBP/Content/StarterContent/Props/SM_Chair.uasset" 454
"../../../../../../UE4_L-System_Blueprint_GitHub/UE4_L_System_Blueprint/LSystemTreeBP/Content/StarterContent/Textures/T_Frame_M.uasset" 455
"../../../../../../UE4_L-System_Blueprint_GitHub/UE4_L_System_Blueprint/LSystemTreeBP/Content/StarterContent/Textures/T_Frame_N.uasset" 456
"../../../../../../UE4_L-System_Blueprint_GitHub/UE4_L_System_Blueprint/LSystemTreeBP/Content/StarterContent/Props/Materials/M_Frame.uasset" 457
"../../../../../../UE4_L-System_Blueprint_GitHub/UE4_L_System_Blueprint/LSystemTreeBP/Content/StarterContent/Props/SM_CornerFrame.uasset" 458
"../../../../../../UE4_L-System_Blueprint_GitHub/UE4_L_System_Blueprint/LSystemTreeBP/Content/StarterContent/Props/SM_DoorFrame.uasset" 459
"../../../../../../UE4_L-System_Blueprint_GitHub/UE4_L_System_Blueprint/LSystemTreeBP/Content/StarterContent/Props/SM_GlassWindow.uasset" 460
"../../../../../../UE4_L-System_Blueprint_GitHub/UE4_L_System_Blueprint/LSystemTreeBP/Content/StarterContent/Props/SM_PillarFrame.uasset" 461
"../../../../../../UE4_L-System_Blueprint_GitHub/UE4_L_System_Blueprint/LSystemTreeBP/Content/StarterContent/Props/SM_PillarFrame300.uasset" 462
"../../../../../../UE4_L-System_Blueprint_GitHub/UE4_L_System_Blueprint/LSystemTreeBP/Content/StarterContent/Textures/T_Statue_M.uasset" 463
"../../../../../../UE4_L-System_Blueprint_GitHub/UE4_L_System_Blueprint/LSystemTreeBP/Content/StarterContent/Textures/T_Statue_N.uasset" 464
"../../../../../../UE4_L-System_Blueprint_GitHub/UE4_L_System_Blueprint/LSystemTreeBP/Content/StarterContent/Props/Materials/M_Statue.uasset" 465
"../../../../../../UE4_L-System_Blueprint_GitHub/UE4_L_System_Blueprint/LSystemTreeBP/Content/StarterContent/Props/Materials/M_StatueGlass.uasset" 466
"../../../../../../UE4_L-System_Blueprint_GitHub/UE4_L_System_Blueprint/LSystemTreeBP/Content/StarterContent/Props/SM_Statue.uasset" 467
"../../../../../../UE4_L-System_Blueprint_GitHub/UE4_L_System_Blueprint/LSystemTreeBP/Content/StarterContent/Textures/T_TableRound_M.uasset" 468
"../../../../../../UE4_L-System_Blueprint_GitHub/UE4_L_System_Blueprint/LSystemTreeBP/Content/StarterContent/Textures/T_TableRound_N.uasset" 469
"../../../../../../UE4_L-System_Blueprint_GitHub/UE4_L_System_Blueprint/LSystemTreeBP/Content/StarterContent/Props/Materials/M_TableRound.uasset" 470
"../../../../../../UE4_L-System_Blueprint_GitHub/UE4_L_System_Blueprint/LSystemTreeBP/Content/StarterContent/Props/SM_TableRound.uasset" 471
"../../../../../../UE4_L-System_Blueprint_GitHub/UE4_L_System_Blueprint/LSystemTreeBP/Content/StarterContent/Props/SM_WindowFrame.uasset" 472
"../../../../../../UE4_L-System_Blueprint_GitHub/UE4_L_System_Blueprint/LSystemTreeBP/Content/StarterContent/Shapes/Shape_Cube.uasset" 473
"../../../../../../UE4_L-System_Blueprint_GitHub/UE4_L_System_Blueprint/LSystemTreeBP/Content/StarterContent/Shapes/Shape_QuadPyramid.uasset" 474
"../../../../../../UE4_L-System_Blueprint_GitHub/UE4_L_System_Blueprint/LSystemTreeBP/Content/StarterContent/Shapes/Shape_Sphere.uasset" 475
"../../../../../../UE4_L-System_Blueprint_GitHub/UE4_L_System_Blueprint/LSystemTreeBP/Content/StarterContent/Maps/StarterMap.umap" 476
"../../../Engine/Content/Maps/Entry_BuiltData.uasset" 477
"../../../Engine/Content/Maps/Entry.umap" 478
